Traceback (most recent call last):
  File "/Users/igorlimarochaazevedo/Programming/DSP/dsp-174/venv/lib/python3.12/site-packages/jupyter_cache/executors/utils.py", line 58, in single_nb_execution
    executenb(
  File "/Users/igorlimarochaazevedo/Programming/DSP/dsp-174/venv/lib/python3.12/site-packages/nbclient/client.py", line 1314, in execute
    return NotebookClient(nb=nb, resources=resources, km=km, **kwargs).execute()
           ^^^^^^^^^^^^^^^^^^^^^^^^^^^^^^^^^^^^^^^^^^^^^^^^^^^^^^^^^^^^^^^^^^^^^
  File "/Users/igorlimarochaazevedo/Programming/DSP/dsp-174/venv/lib/python3.12/site-packages/jupyter_core/utils/__init__.py", line 165, in wrapped
    return loop.run_until_complete(inner)
           ^^^^^^^^^^^^^^^^^^^^^^^^^^^^^^
  File "/opt/homebrew/Cellar/python@3.12/3.12.2_1/Frameworks/Python.framework/Versions/3.12/lib/python3.12/asyncio/base_events.py", line 685, in run_until_complete
    return future.result()
           ^^^^^^^^^^^^^^^
  File "/Users/igorlimarochaazevedo/Programming/DSP/dsp-174/venv/lib/python3.12/site-packages/nbclient/client.py", line 709, in async_execute
    await self.async_execute_cell(
  File "/Users/igorlimarochaazevedo/Programming/DSP/dsp-174/venv/lib/python3.12/site-packages/nbclient/client.py", line 1062, in async_execute_cell
    await self._check_raise_for_error(cell, cell_index, exec_reply)
  File "/Users/igorlimarochaazevedo/Programming/DSP/dsp-174/venv/lib/python3.12/site-packages/nbclient/client.py", line 918, in _check_raise_for_error
    raise CellExecutionError.from_cell_and_msg(cell, exec_reply_content)
nbclient.exceptions.CellExecutionError: An error occurred while executing the following cell:
------------------
import numpy as np
import matplotlib.pyplot as plt
from scipy.signal import firwin, lfilter, freqz

# Sample rate and desired cutoff frequencies (in Hz).
sample_rate = 1000.0  # Sampling rate in Hz
nyquist_rate = sample_rate / 2.0  # Nyquist rate
cutoff_freq = 100.0  # Desired cutoff frequency of the filter, Hz

# Length of the filter (number of coefficients, i.e. the filter order + 1)
numtaps = 29

# Use firwin to create a low-pass FIR filter
fir_coeff = firwin(numtaps, cutoff_freq/nyquist_rate)

# Generate a sample signal: 2 Hz and 250 Hz sinusoids
t = np.linspace(0, 1.0, int(sample_rate), endpoint=False)
signal = np.sin(2 * np.pi * 2 * t) + np.sin(2 * np.pi * 250 * t)

# Apply the FIR filter to the signal
filtered_signal = lfilter(fir_coeff, 1.0, signal)

# Plot the frequency response of the filter
w, h = freqz(fir_coeff, worN=8000)
plt.figure(figsize=(12, 6))
plt.plot(0.5*sample_rate*w/np.pi, np.abs(h), 'b')
plt.title("Frequency Response of the Low-pass FIR Filter")
plt.xlabel('Frequency (Hz)')
plt.ylabel('Gain')
plt.grid()

# Plot the original and filtered signals
plt.figure(figsize=(12, 6))

plt.subplot(2, 1, 1)
plt.plot(t, signal, label='Original signal')
plt.title('Original Signal')
plt.xlabel('Time [s]')
plt.ylabel('Amplitude')
plt.legend()

plt.subplot(2, 1, 2)
plt.plot(t, filtered_signal, label='Filtered signal', color='orange')
plt.title('Filtered Signal (Low-pass FIR Filter)')
plt.xlabel('Time [s]')
plt.ylabel('Amplitude')
plt.legend()

plt.tight_layout()
plt.show()

------------------


[0;31m---------------------------------------------------------------------------[0m
[0;31mModuleNotFoundError[0m                       Traceback (most recent call last)
Cell [0;32mIn[5], line 3[0m
[1;32m      1[0m [38;5;28;01mimport[39;00m [38;5;21;01mnumpy[39;00m [38;5;28;01mas[39;00m [38;5;21;01mnp[39;00m
[1;32m      2[0m [38;5;28;01mimport[39;00m [38;5;21;01mmatplotlib[39;00m[38;5;21;01m.[39;00m[38;5;21;01mpyplot[39;00m [38;5;28;01mas[39;00m [38;5;21;01mplt[39;00m
[0;32m----> 3[0m [38;5;28;01mfrom[39;00m [38;5;21;01mscipy[39;00m[38;5;21;01m.[39;00m[38;5;21;01msignal[39;00m [38;5;28;01mimport[39;00m firwin, lfilter, freqz
[1;32m      5[0m [38;5;66;03m# Sample rate and desired cutoff frequencies (in Hz).[39;00m
[1;32m      6[0m sample_rate [38;5;241m=[39m [38;5;241m1000.0[39m  [38;5;66;03m# Sampling rate in Hz[39;00m

[0;31mModuleNotFoundError[0m: No module named 'scipy'

